
8월 05, 2023 17:43:12.853 NEW SESSION
8월 05, 2023 17:43:12.853 [4084:4092:0805/174312.849:ERROR:connection_factory_impl.cc(471)] ConnectionHandler failed with net error: -2
8월 05, 2023 17:48:42.185 [4084:4228:0805/174842.185:ERROR:device_event_log_impl.cc(222)] [17:48:42.184] USB: usb_service_win.cc:104 SetupDiGetDeviceProperty({{A45C254E-DF1C-4EFD-8020-67D146A850E0}, 6}) failed: 요소가 없습니다. (0x490)
8월 05, 2023 17:58:16.616 [4084:4092:0805/175816.615:ERROR:connection_factory_impl.cc(471)] ConnectionHandler failed with net error: -2
8월 05, 2023 19:00:44.398 [4084:4092:0805/190044.397:ERROR:connection_factory_impl.cc(471)] ConnectionHandler failed with net error: -2

8월 10, 2023 09:06:47.321 NEW SESSION
8월 10, 2023 09:06:47.321 [16404:9736:0810/090647.306:ERROR:device_event_log_impl.cc(222)] [09:06:47.298] USB: usb_service_win.cc:104 SetupDiGetDeviceProperty({{A45C254E-DF1C-4EFD-8020-67D146A850E0}, 6}) failed: 요소가 없습니다. (0x490)
8월 10, 2023 09:50:42.422 [16404:15020:0810/095042.422:ERROR:connection_factory_impl.cc(471)] ConnectionHandler failed with net error: -2
8월 10, 2023 10:34:05.151 [16404:19784:0810/103405.150:ERROR:cert_verify_proc_builtin.cc(701)] CertVerifyProcBuiltin for gimyeonchang.com failed:
8월 10, 2023 10:34:05.151 ----- Certificate i=0 (O=My Company Ltd,L=Newbury,ST=Berkshire,C=GB) -----
8월 10, 2023 10:34:05.152 ERROR: No matching issuer found
8월 10, 2023 10:34:05.152 
8월 10, 2023 10:34:05.152 
8월 10, 2023 11:31:17.608 [16404:15020:0810/113117.607:ERROR:connection_factory_impl.cc(471)] ConnectionHandler failed with net error: -2
8월 10, 2023 12:27:18.682 [16404:15020:0810/122718.681:ERROR:connection_factory_impl.cc(428)] Failed to connect to MCS endpoint with error -7
8월 10, 2023 12:27:57.471 [16404:15020:0810/122757.471:ERROR:connection_factory_impl.cc(471)] ConnectionHandler failed with net error: -2
8월 10, 2023 12:29:20.715 [16404:15020:0810/122920.715:ERROR:connection_factory_impl.cc(428)] Failed to connect to MCS endpoint with error -103
8월 10, 2023 12:31:07.611 [16404:15020:0810/123107.610:ERROR:connection_factory_impl.cc(471)] ConnectionHandler failed with net error: -2
8월 10, 2023 13:00:48.430 [16404:15020:0810/130048.430:ERROR:connection_factory_impl.cc(428)] Failed to connect to MCS endpoint with error -103
8월 10, 2023 13:03:45.601 [16404:15020:0810/130345.601:ERROR:connection_factory_impl.cc(471)] ConnectionHandler failed with net error: -2
8월 10, 2023 13:10:41.617 [16404:15020:0810/131041.612:ERROR:connection_factory_impl.cc(428)] Failed to connect to MCS endpoint with error -103
8월 10, 2023 14:40:52.622 [16404:15020:0810/144052.622:ERROR:connection_factory_impl.cc(471)] ConnectionHandler failed with net error: -2
8월 10, 2023 16:52:29.407 [16404:15020:0810/165229.407:ERROR:connection_factory_impl.cc(471)] ConnectionHandler failed with net error: -2
8월 10, 2023 17:40:20.40 [16404:15020:0810/174020.039:ERROR:connection_factory_impl.cc(471)] ConnectionHandler failed with net error: -2
8월 10, 2023 18:22:18.272 [16404:15020:0810/182218.270:ERROR:mcs_client.cc(750)] Received close command, resetting connection.
8월 10, 2023 19:04:34.224 [16404:15020:0810/190434.224:ERROR:connection_factory_impl.cc(471)] ConnectionHandler failed with net error: -2
8월 10, 2023 19:34:46.702 [16404:15020:0810/193446.702:ERROR:connection_factory_impl.cc(428)] Failed to connect to MCS endpoint with error -7
8월 10, 2023 20:35:43.816 [16404:9736:0810/203543.816:ERROR:page_load_metrics_update_dispatcher.cc(178)] Invalid first_paint 0.374 s for first_image_paint 0.357 s
8월 10, 2023 20:35:43.931 [16404:9736:0810/203543.930:ERROR:page_load_metrics_update_dispatcher.cc(178)] Invalid first_paint 0.374 s for first_image_paint 0.357 s
8월 10, 2023 20:35:44.72 [16404:9736:0810/203544.072:ERROR:page_load_metrics_update_dispatcher.cc(178)] Invalid first_paint 0.374 s for first_image_paint 0.357 s
8월 10, 2023 20:35:44.285 [16404:9736:0810/203544.284:ERROR:page_load_metrics_update_dispatcher.cc(178)] Invalid first_paint 0.374 s for first_image_paint 0.357 s
8월 10, 2023 20:35:44.402 [16404:9736:0810/203544.402:ERROR:page_load_metrics_update_dispatcher.cc(178)] Invalid first_paint 0.374 s for first_image_paint 0.357 s
8월 10, 2023 20:35:44.518 [16404:9736:0810/203544.518:ERROR:page_load_metrics_update_dispatcher.cc(178)] Invalid first_paint 0.374 s for first_image_paint 0.357 s
8월 10, 2023 20:35:44.649 [16404:9736:0810/203544.648:ERROR:page_load_metrics_update_dispatcher.cc(178)] Invalid first_paint 0.374 s for first_image_paint 0.357 s
8월 10, 2023 20:35:45.387 [16404:9736:0810/203545.386:ERROR:page_load_metrics_update_dispatcher.cc(178)] Invalid first_paint 0.374 s for first_image_paint 0.357 s
8월 10, 2023 20:35:45.702 [16404:9736:0810/203545.702:ERROR:page_load_metrics_update_dispatcher.cc(178)] Invalid first_paint 0.374 s for first_image_paint 0.357 s
8월 10, 2023 20:35:45.868 [16404:9736:0810/203545.868:ERROR:page_load_metrics_update_dispatcher.cc(178)] Invalid first_paint 0.374 s for first_image_paint 0.357 s
8월 10, 2023 20:35:46.135 [16404:9736:0810/203546.134:ERROR:page_load_metrics_update_dispatcher.cc(178)] Invalid first_paint 0.374 s for first_image_paint 0.357 s
8월 10, 2023 20:35:46.252 [16404:9736:0810/203546.252:ERROR:page_load_metrics_update_dispatcher.cc(178)] Invalid first_paint 0.374 s for first_image_paint 0.357 s
8월 10, 2023 20:35:47.323 [16404:9736:0810/203547.322:ERROR:page_load_metrics_update_dispatcher.cc(178)] Invalid first_paint 0.374 s for first_image_paint 0.357 s
8월 10, 2023 20:35:47.437 [16404:9736:0810/203547.437:ERROR:page_load_metrics_update_dispatcher.cc(178)] Invalid first_paint 0.374 s for first_image_paint 0.357 s
8월 11, 2023 01:00:24.312 [16404:15020:0810/204022.151:ERROR:connection_factory_impl.cc(471)] ConnectionHandler failed with net error: -2
8월 11, 2023 01:00:24.747 [16404:15020:0811/010024.747:ERROR:connection_factory_impl.cc(428)] Failed to connect to MCS endpoint with error -15
8월 11, 2023 08:33:53.326 [16404:15020:0811/083353.275:ERROR:connection_factory_impl.cc(428)] Failed to connect to MCS endpoint with error -105
8월 11, 2023 08:33:53.335 [16404:6916:0811/083353.277:ERROR:get_updates_processor.cc(265)] PostClientToServerMessage() failed during GetUpdates with error 2
8월 11, 2023 08:33:59.335 [16404:15020:0811/083359.335:ERROR:connection_factory_impl.cc(428)] Failed to connect to MCS endpoint with error -105
8월 11, 2023 09:03:58.106 [16404:15020:0811/090358.105:ERROR:connection_factory_impl.cc(471)] ConnectionHandler failed with net error: -2
8월 11, 2023 10:29:58.797 [16404:15020:0811/102958.797:ERROR:connection_factory_impl.cc(428)] Failed to connect to MCS endpoint with error -7
8월 11, 2023 11:38:56.885 [16404:15020:0811/113856.885:ERROR:connection_factory_impl.cc(471)] ConnectionHandler failed with net error: -2
8월 11, 2023 11:39:59.325 [16404:15020:0811/113959.324:ERROR:connection_factory_impl.cc(471)] ConnectionHandler failed with net error: -2
8월 11, 2023 11:41:01.183 [16404:15020:0811/114101.182:ERROR:connection_factory_impl.cc(471)] ConnectionHandler failed with net error: -2
8월 11, 2023 11:42:02.268 [16404:15020:0811/114202.267:ERROR:connection_factory_impl.cc(471)] ConnectionHandler failed with net error: -2
8월 11, 2023 12:21:59.110 [16404:15020:0811/122159.109:ERROR:connection_factory_impl.cc(428)] Failed to connect to MCS endpoint with error -7
8월 11, 2023 12:36:15.758 [16404:15020:0811/123615.757:ERROR:connection_factory_impl.cc(471)] ConnectionHandler failed with net error: -2
8월 11, 2023 13:01:04.115 [16404:15020:0811/130104.115:ERROR:connection_factory_impl.cc(428)] Failed to connect to MCS endpoint with error -7
8월 11, 2023 15:18:05.544 [16404:9736:0811/151805.543:ERROR:interface_endpoint_client.cc(702)] Message 0 rejected by interface blink.mojom.WidgetHost
8월 11, 2023 15:40:49.747 [16404:15020:0811/154049.746:ERROR:connection_factory_impl.cc(471)] ConnectionHandler failed with net error: -2
8월 11, 2023 17:23:20.145 [16404:9736:0811/172320.144:ERROR:CONSOLE(6)] "console.assert", source: devtools://devtools/bundled/devtools-frontend/front_end/panels/console/console.js (6)
8월 11, 2023 17:23:20.145 [16404:9736:0811/172320.144:ERROR:CONSOLE(6)] "console.assert", source: devtools://devtools/bundled/devtools-frontend/front_end/panels/console/console.js (6)
8월 11, 2023 17:23:20.146 [16404:9736:0811/172320.144:ERROR:CONSOLE(6)] "console.assert", source: devtools://devtools/bundled/devtools-frontend/front_end/panels/console/console.js (6)
8월 11, 2023 17:23:20.146 [16404:9736:0811/172320.144:ERROR:CONSOLE(6)] "console.assert", source: devtools://devtools/bundled/devtools-frontend/front_end/panels/console/console.js (6)
8월 11, 2023 17:23:20.146 [16404:9736:0811/172320.144:ERROR:CONSOLE(6)] "console.assert", source: devtools://devtools/bundled/devtools-frontend/front_end/panels/console/console.js (6)
8월 11, 2023 17:23:20.147 [16404:9736:0811/172320.144:ERROR:CONSOLE(6)] "console.assert", source: devtools://devtools/bundled/devtools-frontend/front_end/panels/console/console.js (6)
8월 11, 2023 17:23:20.296 [16404:9736:0811/172320.296:ERROR:CONSOLE(6)] "console.assert", source: devtools://devtools/bundled/devtools-frontend/front_end/panels/console/console.js (6)
8월 11, 2023 17:23:20.296 [16404:9736:0811/172320.296:ERROR:CONSOLE(6)] "console.assert", source: devtools://devtools/bundled/devtools-frontend/front_end/panels/console/console.js (6)
8월 11, 2023 17:23:20.297 [16404:9736:0811/172320.296:ERROR:CONSOLE(6)] "console.assert", source: devtools://devtools/bundled/devtools-frontend/front_end/panels/console/console.js (6)
8월 11, 2023 17:23:20.297 [16404:9736:0811/172320.296:ERROR:CONSOLE(6)] "console.assert", source: devtools://devtools/bundled/devtools-frontend/front_end/panels/console/console.js (6)
8월 11, 2023 17:23:20.298 [16404:9736:0811/172320.296:ERROR:CONSOLE(6)] "console.assert", source: devtools://devtools/bundled/devtools-frontend/front_end/panels/console/console.js (6)
8월 11, 2023 17:23:20.298 [16404:9736:0811/172320.296:ERROR:CONSOLE(6)] "console.assert", source: devtools://devtools/bundled/devtools-frontend/front_end/panels/console/console.js (6)
8월 11, 2023 17:23:41.450 [16404:9736:0811/172341.449:ERROR:CONSOLE(6)] "console.assert", source: devtools://devtools/bundled/devtools-frontend/front_end/panels/console/console.js (6)
8월 11, 2023 17:23:41.450 [16404:9736:0811/172341.449:ERROR:CONSOLE(6)] "console.assert", source: devtools://devtools/bundled/devtools-frontend/front_end/panels/console/console.js (6)
8월 11, 2023 17:23:41.451 [16404:9736:0811/172341.449:ERROR:CONSOLE(6)] "console.assert", source: devtools://devtools/bundled/devtools-frontend/front_end/panels/console/console.js (6)
8월 11, 2023 17:23:41.452 [16404:9736:0811/172341.449:ERROR:CONSOLE(6)] "console.assert", source: devtools://devtools/bundled/devtools-frontend/front_end/panels/console/console.js (6)
8월 11, 2023 17:23:41.452 [16404:9736:0811/172341.449:ERROR:CONSOLE(6)] "console.assert", source: devtools://devtools/bundled/devtools-frontend/front_end/panels/console/console.js (6)
8월 11, 2023 17:23:41.452 [16404:9736:0811/172341.449:ERROR:CONSOLE(6)] "console.assert", source: devtools://devtools/bundled/devtools-frontend/front_end/panels/console/console.js (6)
8월 11, 2023 17:23:41.452 [16404:9736:0811/172341.449:ERROR:CONSOLE(6)] "console.assert", source: devtools://devtools/bundled/devtools-frontend/front_end/panels/console/console.js (6)
8월 11, 2023 17:23:41.507 [16404:9736:0811/172341.506:ERROR:CONSOLE(6)] "console.assert", source: devtools://devtools/bundled/devtools-frontend/front_end/panels/console/console.js (6)
8월 11, 2023 17:23:41.507 [16404:9736:0811/172341.506:ERROR:CONSOLE(6)] "console.assert", source: devtools://devtools/bundled/devtools-frontend/front_end/panels/console/console.js (6)
8월 11, 2023 17:23:41.507 [16404:9736:0811/172341.506:ERROR:CONSOLE(6)] "console.assert", source: devtools://devtools/bundled/devtools-frontend/front_end/panels/console/console.js (6)
8월 11, 2023 17:23:41.508 [16404:9736:0811/172341.506:ERROR:CONSOLE(6)] "console.assert", source: devtools://devtools/bundled/devtools-frontend/front_end/panels/console/console.js (6)
8월 11, 2023 17:23:41.508 [16404:9736:0811/172341.506:ERROR:CONSOLE(6)] "console.assert", source: devtools://devtools/bundled/devtools-frontend/front_end/panels/console/console.js (6)
8월 11, 2023 17:23:41.508 [16404:9736:0811/172341.506:ERROR:CONSOLE(6)] "console.assert", source: devtools://devtools/bundled/devtools-frontend/front_end/panels/console/console.js (6)
8월 11, 2023 17:23:41.508 [16404:9736:0811/172341.506:ERROR:CONSOLE(6)] "console.assert", source: devtools://devtools/bundled/devtools-frontend/front_end/panels/console/console.js (6)
8월 11, 2023 17:23:41.660 [16404:9736:0811/172341.659:ERROR:CONSOLE(6)] "console.assert", source: devtools://devtools/bundled/devtools-frontend/front_end/panels/console/console.js (6)
8월 11, 2023 17:23:41.660 [16404:9736:0811/172341.659:ERROR:CONSOLE(6)] "console.assert", source: devtools://devtools/bundled/devtools-frontend/front_end/panels/console/console.js (6)
8월 11, 2023 17:23:41.660 [16404:9736:0811/172341.659:ERROR:CONSOLE(6)] "console.assert", source: devtools://devtools/bundled/devtools-frontend/front_end/panels/console/console.js (6)
8월 11, 2023 17:23:41.660 [16404:9736:0811/172341.659:ERROR:CONSOLE(6)] "console.assert", source: devtools://devtools/bundled/devtools-frontend/front_end/panels/console/console.js (6)
8월 11, 2023 17:23:41.661 [16404:9736:0811/172341.659:ERROR:CONSOLE(6)] "console.assert", source: devtools://devtools/bundled/devtools-frontend/front_end/panels/console/console.js (6)
8월 11, 2023 17:23:41.661 [16404:9736:0811/172341.659:ERROR:CONSOLE(6)] "console.assert", source: devtools://devtools/bundled/devtools-frontend/front_end/panels/console/console.js (6)
8월 11, 2023 17:23:41.661 [16404:9736:0811/172341.659:ERROR:CONSOLE(6)] "console.assert", source: devtools://devtools/bundled/devtools-frontend/front_end/panels/console/console.js (6)
8월 11, 2023 17:23:41.720 [16404:9736:0811/172341.720:ERROR:CONSOLE(6)] "console.assert", source: devtools://devtools/bundled/devtools-frontend/front_end/panels/console/console.js (6)
8월 11, 2023 17:23:41.721 [16404:9736:0811/172341.720:ERROR:CONSOLE(6)] "console.assert", source: devtools://devtools/bundled/devtools-frontend/front_end/panels/console/console.js (6)
8월 11, 2023 17:23:41.721 [16404:9736:0811/172341.720:ERROR:CONSOLE(6)] "console.assert", source: devtools://devtools/bundled/devtools-frontend/front_end/panels/console/console.js (6)
8월 11, 2023 17:23:41.721 [16404:9736:0811/172341.720:ERROR:CONSOLE(6)] "console.assert", source: devtools://devtools/bundled/devtools-frontend/front_end/panels/console/console.js (6)
8월 11, 2023 17:23:41.723 [16404:9736:0811/172341.720:ERROR:CONSOLE(6)] "console.assert", source: devtools://devtools/bundled/devtools-frontend/front_end/panels/console/console.js (6)
8월 11, 2023 17:23:41.723 [16404:9736:0811/172341.720:ERROR:CONSOLE(6)] "console.assert", source: devtools://devtools/bundled/devtools-frontend/front_end/panels/console/console.js (6)
8월 11, 2023 17:23:41.723 [16404:9736:0811/172341.720:ERROR:CONSOLE(6)] "console.assert", source: devtools://devtools/bundled/devtools-frontend/front_end/panels/console/console.js (6)
8월 11, 2023 17:23:41.787 [16404:9736:0811/172341.786:ERROR:CONSOLE(6)] "console.assert", source: devtools://devtools/bundled/devtools-frontend/front_end/panels/console/console.js (6)
8월 11, 2023 17:23:41.787 [16404:9736:0811/172341.786:ERROR:CONSOLE(6)] "console.assert", source: devtools://devtools/bundled/devtools-frontend/front_end/panels/console/console.js (6)
8월 11, 2023 17:23:41.788 [16404:9736:0811/172341.786:ERROR:CONSOLE(6)] "console.assert", source: devtools://devtools/bundled/devtools-frontend/front_end/panels/console/console.js (6)
8월 11, 2023 17:23:41.788 [16404:9736:0811/172341.786:ERROR:CONSOLE(6)] "console.assert", source: devtools://devtools/bundled/devtools-frontend/front_end/panels/console/console.js (6)
8월 11, 2023 17:23:41.789 [16404:9736:0811/172341.786:ERROR:CONSOLE(6)] "console.assert", source: devtools://devtools/bundled/devtools-frontend/front_end/panels/console/console.js (6)
8월 11, 2023 17:23:41.790 [16404:9736:0811/172341.786:ERROR:CONSOLE(6)] "console.assert", source: devtools://devtools/bundled/devtools-frontend/front_end/panels/console/console.js (6)
8월 11, 2023 17:23:41.790 [16404:9736:0811/172341.786:ERROR:CONSOLE(6)] "console.assert", source: devtools://devtools/bundled/devtools-frontend/front_end/panels/console/console.js (6)
8월 11, 2023 17:23:42.63 [16404:9736:0811/172342.062:ERROR:CONSOLE(6)] "console.assert", source: devtools://devtools/bundled/devtools-frontend/front_end/panels/console/console.js (6)
8월 11, 2023 17:23:42.63 [16404:9736:0811/172342.062:ERROR:CONSOLE(6)] "console.assert", source: devtools://devtools/bundled/devtools-frontend/front_end/panels/console/console.js (6)
8월 11, 2023 17:23:42.64 [16404:9736:0811/172342.062:ERROR:CONSOLE(6)] "console.assert", source: devtools://devtools/bundled/devtools-frontend/front_end/panels/console/console.js (6)
8월 11, 2023 17:23:42.64 [16404:9736:0811/172342.062:ERROR:CONSOLE(6)] "console.assert", source: devtools://devtools/bundled/devtools-frontend/front_end/panels/console/console.js (6)
8월 11, 2023 17:23:42.65 [16404:9736:0811/172342.062:ERROR:CONSOLE(6)] "console.assert", source: devtools://devtools/bundled/devtools-frontend/front_end/panels/console/console.js (6)
8월 11, 2023 17:23:42.65 [16404:9736:0811/172342.062:ERROR:CONSOLE(6)] "console.assert", source: devtools://devtools/bundled/devtools-frontend/front_end/panels/console/console.js (6)
8월 11, 2023 17:23:42.65 [16404:9736:0811/172342.062:ERROR:CONSOLE(6)] "console.assert", source: devtools://devtools/bundled/devtools-frontend/front_end/panels/console/console.js (6)
8월 11, 2023 17:23:42.65 [16404:9736:0811/172342.062:ERROR:CONSOLE(6)] "console.assert", source: devtools://devtools/bundled/devtools-frontend/front_end/panels/console/console.js (6)
8월 11, 2023 17:24:03.773 [16404:9736:0811/172403.773:ERROR:CONSOLE(6)] "console.assert", source: devtools://devtools/bundled/devtools-frontend/front_end/panels/console/console.js (6)
8월 11, 2023 17:24:03.773 [16404:9736:0811/172403.773:ERROR:CONSOLE(6)] "console.assert", source: devtools://devtools/bundled/devtools-frontend/front_end/panels/console/console.js (6)
8월 11, 2023 17:24:03.774 [16404:9736:0811/172403.773:ERROR:CONSOLE(6)] "console.assert", source: devtools://devtools/bundled/devtools-frontend/front_end/panels/console/console.js (6)
8월 11, 2023 17:24:03.774 [16404:9736:0811/172403.773:ERROR:CONSOLE(6)] "console.assert", source: devtools://devtools/bundled/devtools-frontend/front_end/panels/console/console.js (6)
8월 11, 2023 17:24:03.774 [16404:9736:0811/172403.773:ERROR:CONSOLE(6)] "console.assert", source: devtools://devtools/bundled/devtools-frontend/front_end/panels/console/console.js (6)
8월 11, 2023 17:24:03.775 [16404:9736:0811/172403.773:ERROR:CONSOLE(6)] "console.assert", source: devtools://devtools/bundled/devtools-frontend/front_end/panels/console/console.js (6)
8월 11, 2023 17:24:03.775 [16404:9736:0811/172403.773:ERROR:CONSOLE(6)] "console.assert", source: devtools://devtools/bundled/devtools-frontend/front_end/panels/console/console.js (6)
8월 11, 2023 17:24:03.775 [16404:9736:0811/172403.773:ERROR:CONSOLE(6)] "console.assert", source: devtools://devtools/bundled/devtools-frontend/front_end/panels/console/console.js (6)
8월 11, 2023 17:24:04.172 [16404:9736:0811/172404.171:ERROR:CONSOLE(6)] "console.assert", source: devtools://devtools/bundled/devtools-frontend/front_end/panels/console/console.js (6)
8월 11, 2023 17:24:04.172 [16404:9736:0811/172404.172:ERROR:CONSOLE(6)] "console.assert", source: devtools://devtools/bundled/devtools-frontend/front_end/panels/console/console.js (6)
8월 11, 2023 17:24:04.173 [16404:9736:0811/172404.172:ERROR:CONSOLE(6)] "console.assert", source: devtools://devtools/bundled/devtools-frontend/front_end/panels/console/console.js (6)
8월 11, 2023 17:24:04.173 [16404:9736:0811/172404.172:ERROR:CONSOLE(6)] "console.assert", source: devtools://devtools/bundled/devtools-frontend/front_end/panels/console/console.js (6)
8월 11, 2023 17:24:04.174 [16404:9736:0811/172404.172:ERROR:CONSOLE(6)] "console.assert", source: devtools://devtools/bundled/devtools-frontend/front_end/panels/console/console.js (6)
8월 11, 2023 17:24:04.174 [16404:9736:0811/172404.172:ERROR:CONSOLE(6)] "console.assert", source: devtools://devtools/bundled/devtools-frontend/front_end/panels/console/console.js (6)
8월 11, 2023 17:24:04.174 [16404:9736:0811/172404.172:ERROR:CONSOLE(6)] "console.assert", source: devtools://devtools/bundled/devtools-frontend/front_end/panels/console/console.js (6)
8월 11, 2023 17:24:04.175 [16404:9736:0811/172404.172:ERROR:CONSOLE(6)] "console.assert", source: devtools://devtools/bundled/devtools-frontend/front_end/panels/console/console.js (6)
8월 11, 2023 17:26:00.211 [16404:19784:0811/172600.210:ERROR:cert_verify_proc_builtin.cc(701)] CertVerifyProcBuiltin for cookie-sync.api.soundcast.fm failed:
8월 11, 2023 17:26:00.211 ----- Certificate i=0 (CN=*.api.soundcast.fm) -----
8월 11, 2023 17:26:00.211 ERROR: Time is after notAfter
8월 11, 2023 17:26:00.212 
8월 11, 2023 17:26:00.212 
8월 11, 2023 17:49:07.367 [16404:15020:0811/174907.367:ERROR:connection_factory_impl.cc(428)] Failed to connect to MCS endpoint with error -105
8월 11, 2023 18:36:46.25 [16404:15020:0811/183646.024:ERROR:connection_factory_impl.cc(471)] ConnectionHandler failed with net error: -2
8월 11, 2023 18:44:40.166 [16404:15020:0811/184440.165:ERROR:connection_factory_impl.cc(428)] Failed to connect to MCS endpoint with error -7
8월 11, 2023 18:45:34.293 [16404:15020:0811/184534.292:ERROR:connection_factory_impl.cc(471)] ConnectionHandler failed with net error: -2
8월 11, 2023 18:48:46.502 [16404:15020:0811/184846.502:ERROR:connection_factory_impl.cc(428)] Failed to connect to MCS endpoint with error -103
8월 11, 2023 19:59:36.830 [16404:15020:0811/195936.829:ERROR:connection_factory_impl.cc(471)] ConnectionHandler failed with net error: -2
8월 12, 2023 01:59:51.520 [16404:15020:0812/015951.520:ERROR:connection_factory_impl.cc(428)] Failed to connect to MCS endpoint with error -7
8월 14, 2023 08:33:41.685 [16404:19784:0814/083341.683:ERROR:get_updates_processor.cc(265)] PostClientToServerMessage() failed during GetUpdates with error 2
8월 14, 2023 08:33:42.919 [16404:15020:0814/083342.919:ERROR:connection_factory_impl.cc(428)] Failed to connect to MCS endpoint with error -106
8월 14, 2023 08:33:42.919 [16404:15020:0814/083342.919:ERROR:checkin_request.cc(243)] Check-in request got net error: -106
8월 14, 2023 08:38:59.476 [16404:9736:0814/083859.474:ERROR:device_event_log_impl.cc(222)] [08:38:59.472] USB: usb_service_win.cc:104 SetupDiGetDeviceProperty({{A45C254E-DF1C-4EFD-8020-67D146A850E0}, 6}) failed: 요소가 없습니다. (0x490)
8월 14, 2023 10:19:14.545 [16404:15020:0814/101914.545:ERROR:connection_factory_impl.cc(471)] ConnectionHandler failed with net error: -2
8월 14, 2023 10:20:15.544 [16404:15020:0814/102015.543:ERROR:connection_factory_impl.cc(471)] ConnectionHandler failed with net error: -2
8월 14, 2023 10:21:18.117 [16404:15020:0814/102118.117:ERROR:connection_factory_impl.cc(471)] ConnectionHandler failed with net error: -2
8월 14, 2023 10:22:20.99 [16404:15020:0814/102220.098:ERROR:connection_factory_impl.cc(471)] ConnectionHandler failed with net error: -2
8월 14, 2023 10:22:22.154 [16404:15020:0814/102222.154:ERROR:connection_factory_impl.cc(471)] ConnectionHandler failed with net error: -2
8월 14, 2023 10:48:47.392 [16404:15020:0814/104846.506:ERROR:connection_factory_impl.cc(471)] ConnectionHandler failed with net error: -2
8월 14, 2023 10:49:47.990 [16404:15020:0814/104947.990:ERROR:connection_factory_impl.cc(471)] ConnectionHandler failed with net error: -2
8월 14, 2023 12:29:53.110 [16404:15020:0814/122953.109:ERROR:connection_factory_impl.cc(471)] ConnectionHandler failed with net error: -2
8월 14, 2023 12:44:08.787 [16404:15020:0814/124408.787:ERROR:connection_factory_impl.cc(428)] Failed to connect to MCS endpoint with error -7
8월 14, 2023 12:55:57.489 [16404:9736:0814/125557.489:ERROR:interface_endpoint_client.cc(702)] Message 1 rejected by interface blink.mojom.WidgetHost
8월 14, 2023 13:42:28.785 [16404:15020:0814/134228.785:ERROR:connection_factory_impl.cc(471)] ConnectionHandler failed with net error: -2
8월 14, 2023 17:27:49.273 [16404:9736:0814/172749.273:ERROR:interface_endpoint_client.cc(702)] Message 0 rejected by interface blink.mojom.WidgetHost
8월 14, 2023 18:15:22.780 [16404:15020:0814/181522.780:ERROR:connection_factory_impl.cc(471)] ConnectionHandler failed with net error: -2
8월 14, 2023 18:15:53.617 [16404:15020:0814/181553.617:ERROR:connection_factory_impl.cc(471)] ConnectionHandler failed with net error: -2
8월 14, 2023 18:16:49.759 [16404:15020:0814/181649.759:ERROR:connection_factory_impl.cc(471)] ConnectionHandler failed with net error: -2
8월 14, 2023 18:19:38.180 [16404:15020:0814/181938.179:ERROR:connection_factory_impl.cc(428)] Failed to connect to MCS endpoint with error -106
8월 14, 2023 18:20:06.513 [16404:15020:0814/182006.513:ERROR:connection_factory_impl.cc(428)] Failed to connect to MCS endpoint with error -106
8월 14, 2023 18:21:05.890 [16404:15020:0814/182105.890:ERROR:connection_factory_impl.cc(428)] Failed to connect to MCS endpoint with error -106
8월 14, 2023 18:22:33.864 [16404:15020:0814/182233.864:ERROR:connection_factory_impl.cc(428)] Failed to connect to MCS endpoint with error -106
8월 14, 2023 18:25:30.864 [16404:15020:0814/182530.864:ERROR:connection_factory_impl.cc(428)] Failed to connect to MCS endpoint with error -106
8월 14, 2023 18:42:27.747 [16404:15020:0814/184227.747:ERROR:connection_factory_impl.cc(428)] Failed to connect to MCS endpoint with error -106
8월 14, 2023 19:16:07.682 [16404:15020:0814/191607.682:ERROR:connection_factory_impl.cc(428)] Failed to connect to MCS endpoint with error -106
8월 14, 2023 22:56:21.193 [16404:15020:0814/225621.192:ERROR:connection_factory_impl.cc(471)] ConnectionHandler failed with net error: -2
8월 14, 2023 23:07:42.282 [16404:15020:0814/230742.282:ERROR:connection_factory_impl.cc(428)] Failed to connect to MCS endpoint with error -7
8월 15, 2023 24:56:26.711 [16404:15020:0815/005626.710:ERROR:connection_factory_impl.cc(471)] ConnectionHandler failed with net error: -2
8월 15, 2023 05:32:39.311 [16404:15020:0815/053239.311:ERROR:connection_factory_impl.cc(428)] Failed to connect to MCS endpoint with error -7
8월 15, 2023 09:42:16.171 [16404:15020:0815/094216.171:ERROR:connection_factory_impl.cc(428)] Failed to connect to MCS endpoint with error -105
8월 15, 2023 09:42:16.175 [16404:23560:0815/094216.175:ERROR:get_updates_processor.cc(265)] PostClientToServerMessage() failed during GetUpdates with error 2
8월 15, 2023 09:42:21.845 [16404:15020:0815/094221.845:ERROR:connection_factory_impl.cc(428)] Failed to connect to MCS endpoint with error -105
8월 15, 2023 09:46:21.317 [16404:9736:0815/094621.316:ERROR:device_event_log_impl.cc(222)] [09:46:21.315] USB: usb_service_win.cc:104 SetupDiGetDeviceProperty({{A45C254E-DF1C-4EFD-8020-67D146A850E0}, 6}) failed: 요소가 없습니다. (0x490)
